<?xml version="1.0" encoding="UTF-8"?>
<!-- Generated by org.testng.reporters.JUnitXMLReporter -->
<testsuite hostname="USHYDEBANBHATT5" ignored="0" name="Default test" tests="3" failures="0" timestamp="02 Sep 2018 06:00:17 GMT" time="481.081" errors="0">
  <testcase name="Test" time="20.674" classname="com.roche.HPV_BrokenLinks.BrokenLinks"/>
  <testcase name="Test" time="115.129" classname="com.roche.HPV_BrokenLinks.BrokenLinks"/>
  <testcase name="Test" time="339.216" classname="com.roche.HPV_BrokenLinks.BrokenLinks"/>
</testsuite> <!-- Default test -->
