<?xml version="1.0" encoding="UTF-8"?>
<!-- Generated by org.testng.reporters.JUnitXMLReporter -->
<testsuite hostname="USHYDEBANBHATT5" ignored="0" name="Test" tests="3" failures="0" timestamp="02 Sep 2018 07:22:04 GMT" time="421.959" errors="0">
  <testcase name="Test" time="19.374" classname="com.roche.HPV_BrokenLinks.BrokenLinks"/>
  <testcase name="Test" time="107.685" classname="com.roche.HPV_BrokenLinks.BrokenLinks"/>
  <testcase name="Test" time="289.592" classname="com.roche.HPV_BrokenLinks.BrokenLinks"/>
</testsuite> <!-- Test -->
