<?xml version="1.0" encoding="UTF-8"?>
<testng-results skipped="0" failed="0" ignored="0" total="2" passed="2">
  <reporter-output>
  </reporter-output>
  <suite name="Default suite" duration-ms="175541" started-at="2018-09-02T14:56:06Z" finished-at="2018-09-02T14:59:02Z">
    <groups>
    </groups>
    <test name="Default test" duration-ms="175541" started-at="2018-09-02T14:56:06Z" finished-at="2018-09-02T14:59:02Z">
      <class name="com.roche.HPV_BrokenLinks.TestBrokenLinks">
        <test-method status="PASS" signature="beforeTest()[pri:0, instance:com.roche.HPV_BrokenLinks.TestBrokenLinks@6093dd95]" name="beforeTest" is-config="true" duration-ms="3353" started-at="2018-09-02T14:56:06Z" finished-at="2018-09-02T14:56:10Z">
          <reporter-output>
          </reporter-output>
        </test-method> <!-- beforeTest -->
        <test-method status="PASS" signature="beforeClass()[pri:0, instance:com.roche.HPV_BrokenLinks.TestBrokenLinks@6093dd95]" name="beforeClass" is-config="true" duration-ms="198" started-at="2018-09-02T14:56:10Z" finished-at="2018-09-02T14:56:10Z">
          <reporter-output>
          </reporter-output>
        </test-method> <!-- beforeClass -->
        <test-method status="PASS" signature="Test(java.lang.String)[pri:0, instance:com.roche.HPV_BrokenLinks.TestBrokenLinks@6093dd95]" name="Test" duration-ms="27035" started-at="2018-09-02T14:56:11Z" data-provider="TestURL" finished-at="2018-09-02T14:56:38Z">
          <params>
            <param index="0">
              <value>
                <![CDATA[https://www.hpv16and18.com/index.html]]>
              </value>
            </param>
          </params>
          <reporter-output>
          </reporter-output>
        </test-method> <!-- Test -->
        <test-method status="PASS" signature="Test(java.lang.String)[pri:0, instance:com.roche.HPV_BrokenLinks.TestBrokenLinks@6093dd95]" name="Test" duration-ms="142256" started-at="2018-09-02T14:56:38Z" data-provider="TestURL" finished-at="2018-09-02T14:59:00Z">
          <params>
            <param index="0">
              <value>
                <![CDATA[https://global.hpv16and18.com/hcp/index.html]]>
              </value>
            </param>
          </params>
          <reporter-output>
          </reporter-output>
        </test-method> <!-- Test -->
        <test-method status="PASS" signature="afterClass()[pri:0, instance:com.roche.HPV_BrokenLinks.TestBrokenLinks@6093dd95]" name="afterClass" is-config="true" duration-ms="648" started-at="2018-09-02T14:59:00Z" finished-at="2018-09-02T14:59:01Z">
          <reporter-output>
          </reporter-output>
        </test-method> <!-- afterClass -->
        <test-method status="PASS" signature="afterTest()[pri:0, instance:com.roche.HPV_BrokenLinks.TestBrokenLinks@6093dd95]" name="afterTest" is-config="true" duration-ms="1120" started-at="2018-09-02T14:59:01Z" finished-at="2018-09-02T14:59:02Z">
          <reporter-output>
          </reporter-output>
        </test-method> <!-- afterTest -->
      </class> <!-- com.roche.HPV_BrokenLinks.TestBrokenLinks -->
    </test> <!-- Default test -->
  </suite> <!-- Default suite -->
</testng-results>
